<?xml version="1.0" encoding="UTF-8"?>
<!-- Generated by org.testng.reporters.JUnitXMLReporter -->
<testsuite hostname="ROB-PC" name="Regression suite" tests="6" failures="1" timestamp="30 Mar 2020 03:45:42 GMT" time="111.519" errors="0">
  <testcase name="loginTest" time="5.689" classname="com.crm.qa.testcases.LoginPageTest"/>
  <testcase name="validateLoginPageTitleTests" time="0.012" classname="com.crm.qa.testcases.LoginPageTest"/>
  <testcase name="performSearch" time="0.98" classname="com.crm.qa.testcases.HomePageTest"/>
  <testcase name="validateTitle" time="0.005" classname="com.crm.qa.testcases.HomePageTest">
    <failure type="java.lang.AssertionError" message="Title is not matched expected [My account123 - My Store] but found [My account - My Store]">
      <![CDATA[java.lang.AssertionError: Title is not matched expected [My account123 - My Store] but found [My account - My Store]
	at com.crm.qa.testcases.HomePageTest.validateTitle(HomePageTest.java:31)
... Removed 29 stack frames]]>
    </failure>
  </testcase> <!-- validateTitle -->
  <testcase name="validateImage" time="0.061" classname="com.crm.qa.testcases.HomePageTest"/>
  <testcase name="validateSuccessMessageTest" time="0.017" classname="com.crm.qa.testcases.ContactUsPageTest"/>
</testsuite> <!-- Regression suite -->
