<?xml version="1.0" encoding="UTF-8"?>
<testng-results skipped="0" failed="1" total="6" passed="5">
  <reporter-output>
  </reporter-output>
  <suite name="Free CRM application Suite" duration-ms="111519" started-at="2020-03-30T03:43:51Z" finished-at="2020-03-30T03:45:42Z">
    <groups>
    </groups>
    <test name="Regression suite" duration-ms="111519" started-at="2020-03-30T03:43:51Z" finished-at="2020-03-30T03:45:42Z">
      <class name="com.crm.qa.testcases.ContactUsPageTest">
        <test-method status="PASS" signature="setUp()[pri:0, instance:com.crm.qa.testcases.ContactUsPageTest@643faf]" name="setUp" is-config="true" duration-ms="13006" started-at="2020-03-29T23:45:26Z" finished-at="2020-03-29T23:45:39Z">
          <reporter-output>
          </reporter-output>
        </test-method> <!-- setUp -->
        <test-method status="PASS" signature="validateSuccessMessageTest()[pri:0, instance:com.crm.qa.testcases.ContactUsPageTest@643faf]" name="validateSuccessMessageTest" duration-ms="17" started-at="2020-03-29T23:45:39Z" finished-at="2020-03-29T23:45:39Z">
          <reporter-output>
          </reporter-output>
        </test-method> <!-- validateSuccessMessageTest -->
        <test-method status="PASS" signature="tearDown()[pri:0, instance:com.crm.qa.testcases.ContactUsPageTest@643faf]" name="tearDown" is-config="true" duration-ms="2794" started-at="2020-03-29T23:45:39Z" finished-at="2020-03-29T23:45:42Z">
          <reporter-output>
          </reporter-output>
        </test-method> <!-- tearDown -->
      </class> <!-- com.crm.qa.testcases.ContactUsPageTest -->
      <class name="com.crm.qa.testcases.HomePageTest">
        <test-method status="PASS" signature="setUp()[pri:0, instance:com.crm.qa.testcases.HomePageTest@16eb2ec]" name="setUp" is-config="true" duration-ms="17404" started-at="2020-03-29T23:44:24Z" finished-at="2020-03-29T23:44:41Z">
          <reporter-output>
          </reporter-output>
        </test-method> <!-- setUp -->
        <test-method status="PASS" signature="performSearch()[pri:0, instance:com.crm.qa.testcases.HomePageTest@16eb2ec]" name="performSearch" duration-ms="980" started-at="2020-03-29T23:44:41Z" finished-at="2020-03-29T23:44:42Z">
          <reporter-output>
          </reporter-output>
        </test-method> <!-- performSearch -->
        <test-method status="PASS" signature="tearDown()[pri:0, instance:com.crm.qa.testcases.HomePageTest@16eb2ec]" name="tearDown" is-config="true" duration-ms="3336" started-at="2020-03-29T23:44:42Z" finished-at="2020-03-29T23:44:45Z">
          <reporter-output>
          </reporter-output>
        </test-method> <!-- tearDown -->
        <test-method status="PASS" signature="setUp()[pri:0, instance:com.crm.qa.testcases.HomePageTest@16eb2ec]" name="setUp" is-config="true" duration-ms="17132" started-at="2020-03-29T23:44:45Z" finished-at="2020-03-29T23:45:03Z">
          <reporter-output>
          </reporter-output>
        </test-method> <!-- setUp -->
        <test-method status="FAIL" signature="validateTitle()[pri:1, instance:com.crm.qa.testcases.HomePageTest@16eb2ec]" name="validateTitle" duration-ms="5" started-at="2020-03-29T23:45:03Z" finished-at="2020-03-29T23:45:03Z">
          <exception class="java.lang.AssertionError">
            <message>
              <![CDATA[Title is not matched expected [My account123 - My Store] but found [My account - My Store]]]>
            </message>
            <full-stacktrace>
              <![CDATA[java.lang.AssertionError: Title is not matched expected [My account123 - My Store] but found [My account - My Store]
	at org.testng.Assert.fail(Assert.java:94)
	at org.testng.Assert.failNotEquals(Assert.java:513)
	at org.testng.Assert.assertEqualsImpl(Assert.java:135)
	at org.testng.Assert.assertEquals(Assert.java:116)
	at org.testng.Assert.assertEquals(Assert.java:190)
	at com.crm.qa.testcases.HomePageTest.validateTitle(HomePageTest.java:31)
	at sun.reflect.NativeMethodAccessorImpl.invoke0(Native Method)
	at sun.reflect.NativeMethodAccessorImpl.invoke(Unknown Source)
	at sun.reflect.DelegatingMethodAccessorImpl.invoke(Unknown Source)
	at java.lang.reflect.Method.invoke(Unknown Source)
	at org.testng.internal.MethodInvocationHelper.invokeMethod(MethodInvocationHelper.java:86)
	at org.testng.internal.Invoker.invokeMethod(Invoker.java:645)
	at org.testng.internal.Invoker.invokeTestMethod(Invoker.java:822)
	at org.testng.internal.Invoker.invokeTestMethods(Invoker.java:1130)
	at org.testng.internal.TestMethodWorker.invokeTestMethods(TestMethodWorker.java:129)
	at org.testng.internal.TestMethodWorker.run(TestMethodWorker.java:112)
	at org.testng.TestRunner.privateRun(TestRunner.java:782)
	at org.testng.TestRunner.run(TestRunner.java:632)
	at org.testng.SuiteRunner.runTest(SuiteRunner.java:366)
	at org.testng.SuiteRunner.runSequentially(SuiteRunner.java:361)
	at org.testng.SuiteRunner.privateRun(SuiteRunner.java:319)
	at org.testng.SuiteRunner.run(SuiteRunner.java:268)
	at org.testng.SuiteRunnerWorker.runSuite(SuiteRunnerWorker.java:52)
	at org.testng.SuiteRunnerWorker.run(SuiteRunnerWorker.java:86)
	at org.testng.TestNG.runSuitesSequentially(TestNG.java:1244)
	at org.testng.TestNG.runSuitesLocally(TestNG.java:1169)
	at org.testng.TestNG.run(TestNG.java:1064)
	at org.testng.remote.RemoteTestNG.run(RemoteTestNG.java:113)
	at org.testng.remote.RemoteTestNG.initAndRun(RemoteTestNG.java:206)
	at org.testng.remote.RemoteTestNG.main(RemoteTestNG.java:177)
]]>
            </full-stacktrace>
          </exception> <!-- java.lang.AssertionError -->
          <reporter-output>
          </reporter-output>
        </test-method> <!-- validateTitle -->
        <test-method status="PASS" signature="tearDown()[pri:0, instance:com.crm.qa.testcases.HomePageTest@16eb2ec]" name="tearDown" is-config="true" duration-ms="3476" started-at="2020-03-29T23:45:03Z" finished-at="2020-03-29T23:45:06Z">
          <reporter-output>
          </reporter-output>
        </test-method> <!-- tearDown -->
        <test-method status="PASS" signature="setUp()[pri:0, instance:com.crm.qa.testcases.HomePageTest@16eb2ec]" name="setUp" is-config="true" duration-ms="16879" started-at="2020-03-29T23:45:06Z" finished-at="2020-03-29T23:45:23Z">
          <reporter-output>
          </reporter-output>
        </test-method> <!-- setUp -->
        <test-method status="PASS" signature="validateImage()[pri:2, instance:com.crm.qa.testcases.HomePageTest@16eb2ec]" name="validateImage" duration-ms="61" started-at="2020-03-29T23:45:23Z" finished-at="2020-03-29T23:45:23Z">
          <reporter-output>
          </reporter-output>
        </test-method> <!-- validateImage -->
        <test-method status="PASS" signature="tearDown()[pri:0, instance:com.crm.qa.testcases.HomePageTest@16eb2ec]" name="tearDown" is-config="true" duration-ms="3409" started-at="2020-03-29T23:45:23Z" finished-at="2020-03-29T23:45:26Z">
          <reporter-output>
          </reporter-output>
        </test-method> <!-- tearDown -->
      </class> <!-- com.crm.qa.testcases.HomePageTest -->
      <class name="com.crm.qa.testcases.LoginPageTest">
        <test-method status="PASS" signature="setUp()[pri:0, instance:com.crm.qa.testcases.LoginPageTest@5fc7f7]" name="setUp" is-config="true" duration-ms="10982" started-at="2020-03-29T23:43:51Z" finished-at="2020-03-29T23:44:02Z">
          <reporter-output>
          </reporter-output>
        </test-method> <!-- setUp -->
        <test-method status="PASS" signature="loginTest()[pri:0, instance:com.crm.qa.testcases.LoginPageTest@5fc7f7]" name="loginTest" duration-ms="5689" started-at="2020-03-29T23:44:02Z" finished-at="2020-03-29T23:44:07Z">
          <reporter-output>
          </reporter-output>
        </test-method> <!-- loginTest -->
        <test-method status="PASS" signature="tearDown()[pri:0, instance:com.crm.qa.testcases.LoginPageTest@5fc7f7]" name="tearDown" is-config="true" duration-ms="4131" started-at="2020-03-29T23:44:07Z" finished-at="2020-03-29T23:44:12Z">
          <reporter-output>
          </reporter-output>
        </test-method> <!-- tearDown -->
        <test-method status="PASS" signature="setUp()[pri:0, instance:com.crm.qa.testcases.LoginPageTest@5fc7f7]" name="setUp" is-config="true" duration-ms="9072" started-at="2020-03-29T23:44:12Z" finished-at="2020-03-29T23:44:21Z">
          <reporter-output>
          </reporter-output>
        </test-method> <!-- setUp -->
        <test-method status="PASS" signature="validateLoginPageTitleTests()[pri:0, instance:com.crm.qa.testcases.LoginPageTest@5fc7f7]" name="validateLoginPageTitleTests" duration-ms="12" started-at="2020-03-29T23:44:21Z" finished-at="2020-03-29T23:44:21Z">
          <reporter-output>
          </reporter-output>
        </test-method> <!-- validateLoginPageTitleTests -->
        <test-method status="PASS" signature="tearDown()[pri:0, instance:com.crm.qa.testcases.LoginPageTest@5fc7f7]" name="tearDown" is-config="true" duration-ms="3113" started-at="2020-03-29T23:44:21Z" finished-at="2020-03-29T23:44:24Z">
          <reporter-output>
          </reporter-output>
        </test-method> <!-- tearDown -->
      </class> <!-- com.crm.qa.testcases.LoginPageTest -->
    </test> <!-- Regression suite -->
  </suite> <!-- Free CRM application Suite -->
</testng-results>
